Arguments: 
  C:\Program Files\nodejs\node.exe C:\Users\cdsno\AppData\Roaming\npm\node_modules\yarn\bin\yarn.js publish

PATH: 
  C:\Users\cdsno\Documents\cmder\bin;C:\Users\cdsno\Documents\cmder\vendor\conemu-maximus5\ConEmu\Scripts;C:\Users\cdsno\Documents\cmder\vendor\conemu-maximus5;C:\Users\cdsno\Documents\cmder\vendor\conemu-maximus5\ConEmu;C:\Python37\Scripts\;C:\Python37\;C:\tools\ruby24\bin;C:\ProgramData\Oracle\Java\javapath;C:\Windows\system32;C:\Windows;C:\Windows\System32\Wbem;C:\Windows\System32\WindowsPowerShell\v1.0\;C:\ProgramData\chocolatey\bin;C:\Program Files (x86)\NVIDIA Corporation\PhysX\Common;C:\Program Files (x86)\vim\vim80;C:\Program Files\Git\cmd;C:\Program Files\nodejs\;C:\tools\php71;C:\Program Files (x86)\Windows Kits\8.1\Windows Performance Toolkit\;C:\Program Files (x86)\QuickTime\QTSystem\;C:\Users\cdsno\AppData\Local\Microsoft\WindowsApps;C:\Users\cdsno\AppData\Local\atom\bin;C:\Users\cdsno\AppData\Roaming\npm;C:\Program Files\Microsoft VS Code\bin;C:\Program Files\Git\usr\bin;C:\Program Files\Git\usr\share\vim\vim74;C:\Users\cdsno\Documents\cmder\

Yarn version: 
  0.27.5

Node version: 
  8.2.1

Platform: 
  win32 x64

npm manifest: 
  {
    "name": "scrambling-letters",
    "version": "1.0.0",
    "description": "Scrambling Letters",
    "main": "scramble.min.js",
    "scripts": {
      "test": "echo \"Error: no test specified\" && exit 1"
    },
    "repository": {
      "type": "git",
      "url": "git+https://github.com/Recidvst/scrambling-letters"
    },
    "author": "Chris Snowden <cdsnowden@gmail.com>",
    "license": "MIT",
    "bugs": {
      "url": "https://github.com/Recidvst/scrambling-letters/issues"
    },
    "homepage": "https://github.com/Recidvst/scrambling-lettersr#readme",
    "devDependencies": {
      "babel-cli": "^6.26.0",
      "babel-core": "^6.26.0",
      "babel-polyfill": "^6.26.0",
      "babel-preset-env": "^1.6.1",
      "babel-preset-es2015": "^6.24.1",
      "bootstrap-grid": "^2.0.1",
      "browser-sync": "^2.18.8",
      "del": "^2.2.2",
      "gulp": "^3.9.1",
      "gulp-autoprefixer": "^4.0.0",
      "gulp-babel": "^7.0.1",
      "gulp-clean-css": "^3.0.4",
      "gulp-concat": "^2.6.1",
      "gulp-rename": "^1.2.2",
      "gulp-sass": "^3.1.0",
      "gulp-sourcemaps": "^2.5.1",
      "gulp-uglify": "^2.1.2",
      "gulp-uglify-es": "^1.0.1",
      "gulp-util": "^3.0.8"
    },
    "babel": {
      "presets": [
        "es2015"
      ]
    }
  }

yarn manifest: 
  No manifest

Lockfile: 
  No lockfile

Trace: 
  Error: https://registry.yarnpkg.com/scrambling-letters: You must be logged in to publish packages.
      at Request.params.callback [as _callback] (C:\Users\cdsno\AppData\Roaming\npm\node_modules\yarn\lib\util\request-manager.js:326:18)
      at Request.self.callback (C:\Users\cdsno\AppData\Roaming\npm\node_modules\yarn\node_modules\request\request.js:188:22)
      at emitTwo (events.js:125:13)
      at Request.emit (events.js:213:7)
      at Request.<anonymous> (C:\Users\cdsno\AppData\Roaming\npm\node_modules\yarn\node_modules\request\request.js:1171:10)
      at emitOne (events.js:115:13)
      at Request.emit (events.js:210:7)
      at IncomingMessage.<anonymous> (C:\Users\cdsno\AppData\Roaming\npm\node_modules\yarn\node_modules\request\request.js:1091:12)
      at Object.onceWrapper (events.js:314:30)
      at emitNone (events.js:110:20)
